   Compiling proc-macro2 v1.0.106
   Compiling unicode-ident v1.0.22
   Compiling quote v1.0.44
   Compiling libc v0.2.180
   Compiling cfg-if v1.0.4
   Compiling memchr v2.7.6
   Compiling pin-project-lite v0.2.16
   Compiling serde_core v1.0.228
   Compiling portable-atomic v1.13.1
   Compiling smallvec v1.15.1
   Compiling critical-section v1.2.0
   Compiling futures-core v0.3.31
   Compiling bytes v1.11.0
   Compiling shlex v1.3.0
   Compiling version_check v0.9.5
   Compiling syn v2.0.114
   Compiling once_cell v1.21.3
   Compiling find-msvc-tools v0.1.9
   Compiling futures-sink v0.3.31
   Compiling jobserver v0.1.34
   Compiling parking_lot_core v0.9.12
   Compiling slab v0.4.12
   Compiling futures-channel v0.3.31
   Compiling zerocopy v0.8.37
   Compiling log v0.4.29
   Compiling scopeguard v1.2.0
   Compiling pin-utils v0.1.0
   Compiling lock_api v0.4.14
   Compiling futures-task v0.3.31
   Compiling cc v1.2.55
   Compiling futures-io v0.3.31
   Compiling serde v1.0.228
   Compiling stable_deref_trait v1.2.1
   Compiling typenum v1.19.0
   Compiling parking_lot v0.12.5
   Compiling tracing-core v0.1.36
   Compiling generic-array v0.14.7
   Compiling itoa v1.0.17
   Compiling subtle v2.6.1
   Compiling zeroize v1.8.2
   Compiling pkg-config v0.3.32
   Compiling getrandom v0.2.17
   Compiling percent-encoding v2.3.2
   Compiling socket2 v0.6.2
   Compiling errno v0.3.14
   Compiling litemap v0.8.1
   Compiling writeable v0.6.2
   Compiling byteorder v1.5.0
   Compiling fnv v1.0.7
   Compiling signal-hook-registry v1.4.8
   Compiling mio v1.1.1
   Compiling crypto-common v0.1.7
   Compiling icu_normalizer_data v2.1.1
   Compiling anyhow v1.0.100
   Compiling icu_properties_data v2.1.2
   Compiling vcpkg v0.2.15
   Compiling num_cpus v1.17.0
   Compiling thiserror v2.0.18
   Compiling block-buffer v0.10.4
   Compiling rand_core v0.6.4
   Compiling equivalent v1.0.2
   Compiling hashbrown v0.16.1
   Compiling digest v0.10.7
   Compiling bitflags v2.10.0
   Compiling form_urlencoded v1.2.2
   Compiling http v1.4.0
   Compiling thiserror v1.0.69
   Compiling utf8_iter v1.0.4
   Compiling either v1.15.0
   Compiling synstructure v0.13.2
   Compiling tower-service v0.3.3
   Compiling ipnet v2.11.0
   Compiling indexmap v2.13.0
   Compiling cpufeatures v0.2.17
   Compiling siphasher v1.0.2
   Compiling rand v0.8.5
   Compiling phf_shared v0.11.3
   Compiling http-body v1.0.1
   Compiling getrandom v0.3.4
   Compiling autocfg v1.5.0
   Compiling phf_generator v0.11.3
   Compiling openssl-sys v0.9.111
   Compiling ring v0.17.14
   Compiling rustls-pki-types v1.14.0
   Compiling httparse v1.10.1
   Compiling sha2 v0.10.9
error: failed to write /tmp/rustcrYi2KQ/lib.rmeta: No space left on device (os error 28)

error: could not compile `syn` (lib) due to 1 previous error
warning: build failed, waiting for other jobs to finish...
rustc-LLVM ERROR: IO failure on output stream: No space left on device
error: could not write output to /home/hautly/kowalski/target/release/deps/ipnet-38a0a1f1a9363459.ipnet.c921767bd76cdfa8-cgu.09.rcgu.o: No space left on device

error: failed to write to `/home/hautly/kowalski/target/release/deps/rmetaInyfyT/full.rmeta`: No space left on device (os error 28)

error: failed to write bytecode to /home/hautly/kowalski/target/release/deps/rustls_pki_types-9a0799e3edbdc924.rustls_pki_types.e38b294b4a16e3e1-cgu.01.rcgu.bc: No space left on device (os error 28)

error: could not compile `anyhow` (lib)

Caused by:
  No space left on device (os error 28)

Caused by:
  failed to parse process output: `/home/hautly/.rustup/toolchains/stable-x86_64-unknown-linux-gnu/bin/rustc --crate-name anyhow --edition=2018 /home/hautly/.cargo/registry/src/index.crates.io-1949cf8c6b5b557f/anyhow-1.0.100/src/lib.rs --error-format=json --json=diagnostic-rendered-ansi,artifacts,future-incompat --crate-type lib --emit=dep-info,metadata,link -C opt-level=3 -C codegen-units=16 --cfg 'feature="default"' --cfg 'feature="std"' --check-cfg 'cfg(docsrs,test)' --check-cfg 'cfg(feature, values("backtrace", "default", "std"))' -C metadata=1793c7e2cee9924d -C extra-filename=-b578e2cb1e347b55 --out-dir /home/hautly/kowalski/target/release/deps -L dependency=/home/hautly/kowalski/target/release/deps --cap-lints allow --cfg std_backtrace --check-cfg 'cfg(anyhow_build_probe)' --check-cfg 'cfg(anyhow_nightly_testing)' --check-cfg 'cfg(anyhow_no_clippy_format_args)' --check-cfg 'cfg(anyhow_no_core_error)' --check-cfg 'cfg(anyhow_no_core_unwind_safe)' --check-cfg 'cfg(anyhow_no_fmt_arguments_as_str)' --check-cfg 'cfg(anyhow_no_ptr_addr_of)' --check-cfg 'cfg(anyhow_no_unsafe_op_in_unsafe_fn_lint)' --check-cfg 'cfg(error_generic_member_access)' --check-cfg 'cfg(std_backtrace)'` (exit status: 101)
error: could not compile `getrandom` (lib) due to 1 previous error
error: could not compile `ipnet` (lib) due to 1 previous error
error: could not compile `rustls-pki-types` (lib) due to 1 previous error
error: failed to write to `/home/hautly/kowalski/target/release/deps/rmetaacpV4V/full.rmeta`: No space left on device (os error 28)

error: could not compile `zerocopy` (lib) due to 1 previous error
warning: ring@0.17.14: /home/hautly/.cargo/registry/src/index.crates.io-1949cf8c6b5b557f/ring-0.17.14/crypto/fipsmodule/aes/aes_nohw.c:881:1: fatal error: error writing to /tmp/cczsEx9M.s: No space left on device
warning: ring@0.17.14:   881 | }
warning: ring@0.17.14:       | ^
warning: ring@0.17.14: compilation terminated.
warning: ring@0.17.14: ToolExecError: command did not execute successfully (status code exit status: 1): LC_ALL="C" "cc" "-O3" "-ffunction-sections" "-fdata-sections" "-fPIC" "-m64" "-I" "/home/hautly/.cargo/registry/src/index.crates.io-1949cf8c6b5b557f/ring-0.17.14/include" "-I" "/home/hautly/.cargo/registry/src/index.crates.io-1949cf8c6b5b557f/ring-0.17.14/pregenerated" "-Wall" "-Wextra" "-fvisibility=hidden" "-std=c1x" "-Wall" "-Wbad-function-cast" "-Wcast-align" "-Wcast-qual" "-Wconversion" "-Wmissing-field-initializers" "-Wmissing-include-dirs" "-Wnested-externs" "-Wredundant-decls" "-Wshadow" "-Wsign-compare" "-Wsign-conversion" "-Wstrict-prototypes" "-Wundef" "-Wuninitialized" "-g3" "-DNDEBUG" "-o" "/home/hautly/kowalski/target/release/build/ring-332c60722e435513/out/0bbbd18bda93c05b-aes_nohw.o" "-c" "/home/hautly/.cargo/registry/src/index.crates.io-1949cf8c6b5b557f/ring-0.17.14/crypto/fipsmodule/aes/aes_nohw.c"cargo:warning=/tmp/cc7Ea6HB.s: Assembler messages:
warning: ring@0.17.14: /tmp/cc7Ea6HB.s: Fatal error: /home/hautly/kowalski/target/release/build/ring-332c60722e435513/out/a0330e891e733f4e-p256-nistz.o: No space left on device
warning: ring@0.17.14: ToolExecError: command did not execute successfully (status code exit status: 1): LC_ALL="C" "cc" "-O3" "-ffunction-sections" "-fdata-sections" "-fPIC" "-m64" "-I" "/home/hautly/.cargo/registry/src/index.crates.io-1949cf8c6b5b557f/ring-0.17.14/include" "-I" "/home/hautly/.cargo/registry/src/index.crates.io-1949cf8c6b5b557f/ring-0.17.14/pregenerated" "-Wall" "-Wextra" "-fvisibility=hidden" "-std=c1x" "-Wall" "-Wbad-function-cast" "-Wcast-align" "-Wcast-qual" "-Wconversion" "-Wmissing-field-initializers" "-Wmissing-include-dirs" "-Wnested-externs" "-Wredundant-decls" "-Wshadow" "-Wsign-compare" "-Wsign-conversion" "-Wstrict-prototypes" "-Wundef" "-Wuninitialized" "-g3" "-DNDEBUG" "-o" "/home/hautly/kowalski/target/release/build/ring-332c60722e435513/out/a0330e891e733f4e-p256-nistz.o" "-c" "/home/hautly/.cargo/registry/src/index.crates.io-1949cf8c6b5b557f/ring-0.17.14/crypto/fipsmodule/ec/p256-nistz.c"cargo:warning=/home/hautly/.cargo/registry/src/index.crates.io-1949cf8c6b5b557f/ring-0.17.14/crypto/curve25519/curve25519_64_adx.c:23: fatal error: error writing to /tmp/cc4MrJOx.s: No space left on device
warning: ring@0.17.14:    23 | #endif
warning: ring@0.17.14:       | 
warning: ring@0.17.14: compilation terminated.
warning: ring@0.17.14: ToolExecError: command did not execute successfully (status code exit status: 1): LC_ALL="C" "cc" "-O3" "-ffunction-sections" "-fdata-sections" "-fPIC" "-m64" "-I" "/home/hautly/.cargo/registry/src/index.crates.io-1949cf8c6b5b557f/ring-0.17.14/include" "-I" "/home/hautly/.cargo/registry/src/index.crates.io-1949cf8c6b5b557f/ring-0.17.14/pregenerated" "-Wall" "-Wextra" "-fvisibility=hidden" "-std=c1x" "-Wall" "-Wbad-function-cast" "-Wcast-align" "-Wcast-qual" "-Wconversion" "-Wmissing-field-initializers" "-Wmissing-include-dirs" "-Wnested-externs" "-Wredundant-decls" "-Wshadow" "-Wsign-compare" "-Wsign-conversion" "-Wstrict-prototypes" "-Wundef" "-Wuninitialized" "-g3" "-DNDEBUG" "-o" "/home/hautly/kowalski/target/release/build/ring-332c60722e435513/out/25ac62e5b3c53843-curve25519_64_adx.o" "-c" "/home/hautly/.cargo/registry/src/index.crates.io-1949cf8c6b5b557f/ring-0.17.14/crypto/curve25519/curve25519_64_adx.c"cargo:warning=/home/hautly/.cargo/registry/src/index.crates.io-1949cf8c6b5b557f/ring-0.17.14/crypto/curve25519/curve25519.c:1924:1: fatal error: error writing to /tmp/cctKujAa.s: No space left on device
warning: ring@0.17.14:  1924 | }
warning: ring@0.17.14:       | ^
warning: ring@0.17.14: compilation terminated.
warning: ring@0.17.14: ToolExecError: command did not execute successfully (status code exit status: 1): LC_ALL="C" "cc" "-O3" "-ffunction-sections" "-fdata-sections" "-fPIC" "-m64" "-I" "/home/hautly/.cargo/registry/src/index.crates.io-1949cf8c6b5b557f/ring-0.17.14/include" "-I" "/home/hautly/.cargo/registry/src/index.crates.io-1949cf8c6b5b557f/ring-0.17.14/pregenerated" "-Wall" "-Wextra" "-fvisibility=hidden" "-std=c1x" "-Wall" "-Wbad-function-cast" "-Wcast-align" "-Wcast-qual" "-Wconversion" "-Wmissing-field-initializers" "-Wmissing-include-dirs" "-Wnested-externs" "-Wredundant-decls" "-Wshadow" "-Wsign-compare" "-Wsign-conversion" "-Wstrict-prototypes" "-Wundef" "-Wuninitialized" "-g3" "-DNDEBUG" "-o" "/home/hautly/kowalski/target/release/build/ring-332c60722e435513/out/25ac62e5b3c53843-curve25519.o" "-c" "/home/hautly/.cargo/registry/src/index.crates.io-1949cf8c6b5b557f/ring-0.17.14/crypto/curve25519/curve25519.c"
error: failed to run custom build command for `ring v0.17.14`

Caused by:
  process didn't exit successfully: `/home/hautly/kowalski/target/release/build/ring-a44a5e500aad6041/build-script-build` (exit status: 1)
  --- stdout
  cargo:rerun-if-env-changed=CARGO_MANIFEST_DIR
  cargo:rerun-if-env-changed=CARGO_PKG_NAME
  cargo:rerun-if-env-changed=CARGO_PKG_VERSION_MAJOR
  cargo:rerun-if-env-changed=CARGO_PKG_VERSION_MINOR
  cargo:rerun-if-env-changed=CARGO_PKG_VERSION_PATCH
  cargo:rerun-if-env-changed=CARGO_PKG_VERSION_PRE
  cargo:rerun-if-env-changed=CARGO_MANIFEST_LINKS
  cargo:rerun-if-env-changed=RING_PREGENERATE_ASM
  cargo:rerun-if-env-changed=OUT_DIR
  cargo:rerun-if-env-changed=CARGO_CFG_TARGET_ARCH
  cargo:rerun-if-env-changed=CARGO_CFG_TARGET_OS
  cargo:rerun-if-env-changed=CARGO_CFG_TARGET_ENV
  cargo:rerun-if-env-changed=CARGO_CFG_TARGET_ENDIAN
  OPT_LEVEL = Some(3)
  OUT_DIR = Some(/home/hautly/kowalski/target/release/build/ring-332c60722e435513/out)
  TARGET = Some(x86_64-unknown-linux-gnu)
  CARGO_ENCODED_RUSTFLAGS = Some()
  HOST = Some(x86_64-unknown-linux-gnu)
  cargo:rerun-if-env-changed=CC_x86_64-unknown-linux-gnu
  CC_x86_64-unknown-linux-gnu = None
  cargo:rerun-if-env-changed=CC_x86_64_unknown_linux_gnu
  CC_x86_64_unknown_linux_gnu = None
  cargo:rerun-if-env-changed=HOST_CC
  HOST_CC = None
  cargo:rerun-if-env-changed=CC
  CC = None
  cargo:rerun-if-env-changed=CC_ENABLE_DEBUG_OUTPUT
  RUSTC_WRAPPER = None
  cargo:rerun-if-env-changed=CRATE_CC_NO_DEFAULTS
  CRATE_CC_NO_DEFAULTS = None
  DEBUG = Some(false)
  CARGO_CFG_TARGET_FEATURE = Some(fxsr,sse,sse2)
  cargo:rerun-if-env-changed=CFLAGS
  CFLAGS = None
  cargo:rerun-if-env-changed=HOST_CFLAGS
  HOST_CFLAGS = None
  cargo:rerun-if-env-changed=CFLAGS_x86_64_unknown_linux_gnu
  CFLAGS_x86_64_unknown_linux_gnu = None
  cargo:rerun-if-env-changed=CFLAGS_x86_64-unknown-linux-gnu
  CFLAGS_x86_64-unknown-linux-gnu = None
  exit status: 0
  exit status: 0
  exit status: 0
  exit status: 0
  exit status: 0
  exit status: 0
  exit status: 0
  exit status: 0
  exit status: 0
  exit status: 0
  exit status: 0
  exit status: 0
  exit status: 0
  exit status: 0
  exit status: 0
  exit status: 0
  cargo:warning=/home/hautly/.cargo/registry/src/index.crates.io-1949cf8c6b5b557f/ring-0.17.14/crypto/fipsmodule/aes/aes_nohw.c:881:1: fatal error: error writing to /tmp/cczsEx9M.s: No space left on device
  cargo:warning=  881 | }
  cargo:warning=      | ^
  cargo:warning=compilation terminated.
  exit status: 0
  exit status: 0
  exit status: 1
  cargo:warning=ToolExecError: command did not execute successfully (status code exit status: 1): LC_ALL="C" "cc" "-O3" "-ffunction-sections" "-fdata-sections" "-fPIC" "-m64" "-I" "/home/hautly/.cargo/registry/src/index.crates.io-1949cf8c6b5b557f/ring-0.17.14/include" "-I" "/home/hautly/.cargo/registry/src/index.crates.io-1949cf8c6b5b557f/ring-0.17.14/pregenerated" "-Wall" "-Wextra" "-fvisibility=hidden" "-std=c1x" "-Wall" "-Wbad-function-cast" "-Wcast-align" "-Wcast-qual" "-Wconversion" "-Wmissing-field-initializers" "-Wmissing-include-dirs" "-Wnested-externs" "-Wredundant-decls" "-Wshadow" "-Wsign-compare" "-Wsign-conversion" "-Wstrict-prototypes" "-Wundef" "-Wuninitialized" "-g3" "-DNDEBUG" "-o" "/home/hautly/kowalski/target/release/build/ring-332c60722e435513/out/0bbbd18bda93c05b-aes_nohw.o" "-c" "/home/hautly/.cargo/registry/src/index.crates.io-1949cf8c6b5b557f/ring-0.17.14/crypto/fipsmodule/aes/aes_nohw.c"cargo:warning=/tmp/cc7Ea6HB.s: Assembler messages:
  cargo:warning=/tmp/cc7Ea6HB.s: Fatal error: /home/hautly/kowalski/target/release/build/ring-332c60722e435513/out/a0330e891e733f4e-p256-nistz.o: No space left on device

  exit status: 0
  exit status: 0
  exit status: 0
  exit status: 0
  exit status: 0
  exit status: 0
  exit status: 0
  exit status: 1
  cargo:warning=ToolExecError: command did not execute successfully (status code exit status: 1): LC_ALL="C" "cc" "-O3" "-ffunction-sections" "-fdata-sections" "-fPIC" "-m64" "-I" "/home/hautly/.cargo/registry/src/index.crates.io-1949cf8c6b5b557f/ring-0.17.14/include" "-I" "/home/hautly/.cargo/registry/src/index.crates.io-1949cf8c6b5b557f/ring-0.17.14/pregenerated" "-Wall" "-Wextra" "-fvisibility=hidden" "-std=c1x" "-Wall" "-Wbad-function-cast" "-Wcast-align" "-Wcast-qual" "-Wconversion" "-Wmissing-field-initializers" "-Wmissing-include-dirs" "-Wnested-externs" "-Wredundant-decls" "-Wshadow" "-Wsign-compare" "-Wsign-conversion" "-Wstrict-prototypes" "-Wundef" "-Wuninitialized" "-g3" "-DNDEBUG" "-o" "/home/hautly/kowalski/target/release/build/ring-332c60722e435513/out/a0330e891e733f4e-p256-nistz.o" "-c" "/home/hautly/.cargo/registry/src/index.crates.io-1949cf8c6b5b557f/ring-0.17.14/crypto/fipsmodule/ec/p256-nistz.c"cargo:warning=/home/hautly/.cargo/registry/src/index.crates.io-1949cf8c6b5b557f/ring-0.17.14/crypto/curve25519/curve25519_64_adx.c:23: fatal error: error writing to /tmp/cc4MrJOx.s: No space left on device
  cargo:warning=   23 | #endif
  cargo:warning=      | 
  cargo:warning=compilation terminated.

  exit status: 1
  cargo:warning=ToolExecError: command did not execute successfully (status code exit status: 1): LC_ALL="C" "cc" "-O3" "-ffunction-sections" "-fdata-sections" "-fPIC" "-m64" "-I" "/home/hautly/.cargo/registry/src/index.crates.io-1949cf8c6b5b557f/ring-0.17.14/include" "-I" "/home/hautly/.cargo/registry/src/index.crates.io-1949cf8c6b5b557f/ring-0.17.14/pregenerated" "-Wall" "-Wextra" "-fvisibility=hidden" "-std=c1x" "-Wall" "-Wbad-function-cast" "-Wcast-align" "-Wcast-qual" "-Wconversion" "-Wmissing-field-initializers" "-Wmissing-include-dirs" "-Wnested-externs" "-Wredundant-decls" "-Wshadow" "-Wsign-compare" "-Wsign-conversion" "-Wstrict-prototypes" "-Wundef" "-Wuninitialized" "-g3" "-DNDEBUG" "-o" "/home/hautly/kowalski/target/release/build/ring-332c60722e435513/out/25ac62e5b3c53843-curve25519_64_adx.o" "-c" "/home/hautly/.cargo/registry/src/index.crates.io-1949cf8c6b5b557f/ring-0.17.14/crypto/curve25519/curve25519_64_adx.c"cargo:warning=/home/hautly/.cargo/registry/src/index.crates.io-1949cf8c6b5b557f/ring-0.17.14/crypto/curve25519/curve25519.c:1924:1: fatal error: error writing to /tmp/cctKujAa.s: No space left on device
  cargo:warning= 1924 | }
  cargo:warning=      | ^
  cargo:warning=compilation terminated.

  exit status: 1
  cargo:warning=ToolExecError: command did not execute successfully (status code exit status: 1): LC_ALL="C" "cc" "-O3" "-ffunction-sections" "-fdata-sections" "-fPIC" "-m64" "-I" "/home/hautly/.cargo/registry/src/index.crates.io-1949cf8c6b5b557f/ring-0.17.14/include" "-I" "/home/hautly/.cargo/registry/src/index.crates.io-1949cf8c6b5b557f/ring-0.17.14/pregenerated" "-Wall" "-Wextra" "-fvisibility=hidden" "-std=c1x" "-Wall" "-Wbad-function-cast" "-Wcast-align" "-Wcast-qual" "-Wconversion" "-Wmissing-field-initializers" "-Wmissing-include-dirs" "-Wnested-externs" "-Wredundant-decls" "-Wshadow" "-Wsign-compare" "-Wsign-conversion" "-Wstrict-prototypes" "-Wundef" "-Wuninitialized" "-g3" "-DNDEBUG" "-o" "/home/hautly/kowalski/target/release/build/ring-332c60722e435513/out/25ac62e5b3c53843-curve25519.o" "-c" "/home/hautly/.cargo/registry/src/index.crates.io-1949cf8c6b5b557f/ring-0.17.14/crypto/curve25519/curve25519.c"

  --- stderr


  error occurred in cc-rs: command did not execute successfully (status code exit status: 1): LC_ALL="C" "cc" "-O3" "-ffunction-sections" "-fdata-sections" "-fPIC" "-m64" "-I" "/home/hautly/.cargo/registry/src/index.crates.io-1949cf8c6b5b557f/ring-0.17.14/include" "-I" "/home/hautly/.cargo/registry/src/index.crates.io-1949cf8c6b5b557f/ring-0.17.14/pregenerated" "-Wall" "-Wextra" "-fvisibility=hidden" "-std=c1x" "-Wall" "-Wbad-function-cast" "-Wcast-align" "-Wcast-qual" "-Wconversion" "-Wmissing-field-initializers" "-Wmissing-include-dirs" "-Wnested-externs" "-Wredundant-decls" "-Wshadow" "-Wsign-compare" "-Wsign-conversion" "-Wstrict-prototypes" "-Wundef" "-Wuninitialized" "-g3" "-DNDEBUG" "-o" "/home/hautly/kowalski/target/release/build/ring-332c60722e435513/out/25ac62e5b3c53843-curve25519.o" "-c" "/home/hautly/.cargo/registry/src/index.crates.io-1949cf8c6b5b557f/ring-0.17.14/crypto/curve25519/curve25519.c"


